<?xml version="1.0" encoding="UTF-8"?>
<!-- Generated by org.testng.reporters.JUnitReportReporter -->
<testsuite hostname="TYSS-Shobha" failures="0" tests="1" name="product.CreateProductAndDeleteProductTest" time="24.111" errors="0" timestamp="2024-12-25T08:32:35 IST" skipped="0">
  <testcase classname="product.CreateProductAndDeleteProductTest" name="createProductAndDeleteProductTest" time="24.111"/>
</testsuite> <!-- product.CreateProductAndDeleteProductTest -->
