<?xml version="1.0" encoding="UTF-8"?>
<!-- Generated by org.testng.reporters.JUnitReportReporter -->
<testsuite hostname="TYSS-Shobha" failures="0" tests="3" name="testNg.DataProviderEx3" time="50.095" errors="0" timestamp="2024-12-18T08:33:34 IST" skipped="0">
  <testcase classname="testNg.DataProviderEx3" name="createOrganization" time="17.145"/>
  <testcase classname="testNg.DataProviderEx3" name="createOrganization" time="16.696"/>
  <testcase classname="testNg.DataProviderEx3" name="createOrganization" time="16.254"/>
</testsuite> <!-- testNg.DataProviderEx3 -->
