<?xml version="1.0" encoding="UTF-8"?>
<!-- Generated by org.testng.reporters.JUnitReportReporter -->
<testsuite hostname="TYSS-Shobha" failures="0" tests="1" name="organization.CreateOrganizationTest" time="26.035" errors="0" timestamp="2024-12-28T07:17:26 IST" skipped="0">
  <testcase classname="organization.CreateOrganizationTest" name="createOrganizationTest" time="26.035"/>
</testsuite> <!-- organization.CreateOrganizationTest -->
