<?xml version="1.0" encoding="UTF-8"?>
<!-- Generated by org.testng.reporters.JUnitReportReporter -->
<testsuite hostname="TYSS-Shobha" failures="0" tests="4" name="testNg.DataProviderEx4" time="71.051" errors="0" timestamp="2024-12-19T07:31:52 IST" skipped="0">
  <testcase classname="testNg.DataProviderEx4" name="createOrganization" time="18.150"/>
  <testcase classname="testNg.DataProviderEx4" name="createOrganization" time="17.772"/>
  <testcase classname="testNg.DataProviderEx4" name="createOrganization" time="17.256"/>
  <testcase classname="testNg.DataProviderEx4" name="createOrganization" time="17.873"/>
</testsuite> <!-- testNg.DataProviderEx4 -->
