<?xml version="1.0" encoding="UTF-8"?>
<!-- Generated by org.testng.reporters.JUnitReportReporter -->
<testsuite hostname="TYSS-Shobha" failures="0" tests="1" name="campaigns.CreateCampaignsTest" time="12.530" errors="0" timestamp="2024-12-31T07:30:12 IST" skipped="0">
  <testcase classname="campaigns.CreateCampaignsTest" name="execute" time="12.530"/>
</testsuite> <!-- campaigns.CreateCampaignsTest -->
