<?xml version="1.0" encoding="UTF-8"?>
<!-- Generated by org.testng.reporters.JUnitReportReporter -->
<testsuite hostname="TYSS-Shobha" failures="0" tests="5" name="testNg.SampleTest" time="0.014" errors="0" timestamp="2024-12-18T07:36:38 IST" skipped="0">
  <testcase classname="testNg.SampleTest" name="createContact" time="0.002"/>
  <testcase classname="testNg.SampleTest" name="createContact" time="0.009"/>
  <testcase classname="testNg.SampleTest" name="modifyContact" time="0.001"/>
  <testcase classname="testNg.SampleTest" name="createContact" time="0.001"/>
  <testcase classname="testNg.SampleTest" name="deleteContact" time="0.001"/>
</testsuite> <!-- testNg.SampleTest -->
