<?xml version="1.0" encoding="UTF-8"?>
<!-- Generated by org.testng.reporters.JUnitReportReporter -->
<testsuite hostname="TYSS-Shobha" failures="0" tests="2" name="testNg.DataProviderEx1" time="0.015" errors="0" timestamp="2024-12-18T07:58:12 IST" skipped="0">
  <testcase classname="testNg.DataProviderEx1" name="bookTickets" time="0.013"/>
  <testcase classname="testNg.DataProviderEx1" name="bookTickets" time="0.002"/>
</testsuite> <!-- testNg.DataProviderEx1 -->
