<?xml version="1.0" encoding="UTF-8"?>
<!-- Generated by org.testng.reporters.JUnitReportReporter -->
<testsuite hostname="TYSS-Shobha" failures="0" tests="1" name="campaigns.CreateCampaignsTest" time="18.533" errors="0" timestamp="2024-12-20T08:47:32 IST" skipped="0">
  <testcase classname="campaigns.CreateCampaignsTest" name="createCampaignsTest" time="18.533"/>
</testsuite> <!-- campaigns.CreateCampaignsTest -->
