<?xml version="1.0" encoding="UTF-8"?>
<!-- Generated by org.testng.reporters.JUnitReportReporter -->
<testsuite hostname="TYSS-Shobha" failures="0" tests="3" name="testNg.DataProviderEx2" time="0.010" errors="0" timestamp="2024-12-18T08:18:45 IST" skipped="0">
  <testcase classname="testNg.DataProviderEx2" name="bookTickets" time="0.008"/>
  <testcase classname="testNg.DataProviderEx2" name="bookTickets" time="0.001"/>
  <testcase classname="testNg.DataProviderEx2" name="bookTickets" time="0.001"/>
</testsuite> <!-- testNg.DataProviderEx2 -->
